14-Oct-2024 17:17:32.687 INFO [main] org.apache.catalina.startup.VersionLoggerListener.log Nombre de la versión del servidor: Apache Tomcat/9.0.96
14-Oct-2024 17:17:32.690 INFO [main] org.apache.catalina.startup.VersionLoggerListener.log Server built:                      Oct 3 2024 19:44:30 UTC
14-Oct-2024 17:17:32.690 INFO [main] org.apache.catalina.startup.VersionLoggerListener.log Número de versión de servidor:     9.0.96.0
14-Oct-2024 17:17:32.690 INFO [main] org.apache.catalina.startup.VersionLoggerListener.log OS Name:                           Windows 11
14-Oct-2024 17:17:32.690 INFO [main] org.apache.catalina.startup.VersionLoggerListener.log Versión de Systema Operativo:      10.0
14-Oct-2024 17:17:32.690 INFO [main] org.apache.catalina.startup.VersionLoggerListener.log Arquitectura:                      amd64
14-Oct-2024 17:17:32.690 INFO [main] org.apache.catalina.startup.VersionLoggerListener.log Java Home:                         C:\Users\PC RACING\.jdks\openjdk-23
14-Oct-2024 17:17:32.690 INFO [main] org.apache.catalina.startup.VersionLoggerListener.log JVM Version:                       23+37-2369
14-Oct-2024 17:17:32.690 INFO [main] org.apache.catalina.startup.VersionLoggerListener.log Vededor JVM:                       Oracle Corporation
14-Oct-2024 17:17:32.690 INFO [main] org.apache.catalina.startup.VersionLoggerListener.log CATALINA_BASE:                     C:\2DAM\PROGRAMACION\MVP_PASO_A_PASO\RakutenTVAndroid
14-Oct-2024 17:17:32.690 INFO [main] org.apache.catalina.startup.VersionLoggerListener.log CATALINA_HOME:                     C:\Users\PC RACING\Downloads\apache-tomcat-9.0.96
14-Oct-2024 17:17:32.695 INFO [main] org.apache.catalina.startup.VersionLoggerListener.log Command line argument:             --add-opens=java.base/java.lang=ALL-UNNAMED
14-Oct-2024 17:17:32.696 INFO [main] org.apache.catalina.startup.VersionLoggerListener.log Command line argument:             --add-opens=java.base/java.io=ALL-UNNAMED
14-Oct-2024 17:17:32.696 INFO [main] org.apache.catalina.startup.VersionLoggerListener.log Command line argument:             --add-opens=java.base/java.util=ALL-UNNAMED
14-Oct-2024 17:17:32.696 INFO [main] org.apache.catalina.startup.VersionLoggerListener.log Command line argument:             --add-opens=java.base/java.util.concurrent=ALL-UNNAMED
14-Oct-2024 17:17:32.696 INFO [main] org.apache.catalina.startup.VersionLoggerListener.log Command line argument:             --add-opens=java.rmi/sun.rmi.transport=ALL-UNNAMED
14-Oct-2024 17:17:32.696 INFO [main] org.apache.catalina.startup.VersionLoggerListener.log Command line argument:             -Dcatalina.home=C:\Users\PC RACING\Downloads\apache-tomcat-9.0.96
14-Oct-2024 17:17:32.696 INFO [main] org.apache.catalina.startup.VersionLoggerListener.log Command line argument:             -Dcatalina.base=C:\2DAM\PROGRAMACION\MVP_PASO_A_PASO\RakutenTVAndroid
14-Oct-2024 17:17:32.696 INFO [main] org.apache.catalina.startup.VersionLoggerListener.log Command line argument:             -Djava.io.tmpdir=C:\2DAM\PROGRAMACION\MVP_PASO_A_PASO\RakutenTVAndroid\temp
14-Oct-2024 17:17:32.696 INFO [main] org.apache.catalina.startup.VersionLoggerListener.log Command line argument:             -Djava.util.logging.config.file=C:\2DAM\PROGRAMACION\MVP_PASO_A_PASO\RakutenTVAndroid\conf\logging.properties
14-Oct-2024 17:17:32.696 INFO [main] org.apache.catalina.startup.VersionLoggerListener.log Command line argument:             -Djava.util.logging.manager=org.apache.juli.ClassLoaderLogManager
14-Oct-2024 17:17:32.696 INFO [main] org.apache.catalina.startup.VersionLoggerListener.log Command line argument:             -javaagent:C:\Program Files\JetBrains\IntelliJ IDEA 2024.2.3\lib\idea_rt.jar=50920:C:\Program Files\JetBrains\IntelliJ IDEA 2024.2.3\bin
14-Oct-2024 17:17:32.696 INFO [main] org.apache.catalina.startup.VersionLoggerListener.log Command line argument:             -Dfile.encoding=UTF-8
14-Oct-2024 17:17:32.696 INFO [main] org.apache.catalina.startup.VersionLoggerListener.log Command line argument:             -Dsun.stdout.encoding=UTF-8
14-Oct-2024 17:17:32.696 INFO [main] org.apache.catalina.startup.VersionLoggerListener.log Command line argument:             -Dsun.stderr.encoding=UTF-8
14-Oct-2024 17:17:32.700 INFO [main] org.apache.catalina.core.AprLifecycleListener.lifecycleEvent Cargada la biblioteca nativa APR de Apache Tomcat [1.3.1] con la versión APR [1.7.4].
14-Oct-2024 17:17:32.700 INFO [main] org.apache.catalina.core.AprLifecycleListener.lifecycleEvent Capacidades APR: IPv6 [true], enviar fichero [true], aceptar filtros [false], aleatorio [true], UDS [true].
14-Oct-2024 17:17:32.700 INFO [main] org.apache.catalina.core.AprLifecycleListener.lifecycleEvent APR/OpenSSL configuration: useAprConnector [false], useOpenSSL [true]
14-Oct-2024 17:17:32.706 INFO [main] org.apache.catalina.core.AprLifecycleListener.initializeSSL OpenSSL inicializado correctamente [OpenSSL 3.0.14 4 Jun 2024]
14-Oct-2024 17:17:32.910 INFO [main] org.apache.coyote.AbstractProtocol.init Inicializando el manejador de protocolo ["http-nio-8080"]

14-Oct-2024 17:17:33.217 INFO [main] org.apache.catalina.startup.Catalina.load Server initialization in [689] milliseconds
14-Oct-2024 17:17:33.250 INFO [main] org.apache.catalina.core.StandardService.startInternal Arrancando servicio [Catalina]
14-Oct-2024 17:17:33.250 INFO [main] org.apache.catalina.core.StandardEngine.startInternal Starting Servlet engine: [Apache Tomcat/9.0.96]
14-Oct-2024 17:17:33.257 INFO [main] org.apache.coyote.AbstractProtocol.start Starting ProtocolHandler ["http-nio-8080"]
14-Oct-2024 17:17:33.303 INFO [main] org.apache.catalina.startup.Catalina.start Server startup in [85] milliseconds
14-Oct-2024 17:23:01.579 INFO [Thread-1] org.apache.coyote.AbstractProtocol.pause Pausing ProtocolHandler ["http-nio-8080"]
14-Oct-2024 17:23:01.582 INFO [Thread-1] org.apache.catalina.core.StandardService.stopInternal Parando servicio [Catalina]
14-Oct-2024 17:23:01.583 INFO [Thread-1] org.apache.coyote.AbstractProtocol.stop Stopping ProtocolHandler ["http-nio-8080"]
14-Oct-2024 17:23:01.586 INFO [Thread-1] org.apache.coyote.AbstractProtocol.destroy Destroying ProtocolHandler ["http-nio-8080"]
14-Oct-2024 17:23:02.853 INFO [main] org.apache.catalina.startup.VersionLoggerListener.log Nombre de la versión del servidor: Apache Tomcat/9.0.96
14-Oct-2024 17:23:02.866 INFO [main] org.apache.catalina.startup.VersionLoggerListener.log Server built:                      Oct 3 2024 19:44:30 UTC
14-Oct-2024 17:23:02.867 INFO [main] org.apache.catalina.startup.VersionLoggerListener.log Número de versión de servidor:     9.0.96.0
14-Oct-2024 17:23:02.867 INFO [main] org.apache.catalina.startup.VersionLoggerListener.log OS Name:                           Windows 11
14-Oct-2024 17:23:02.867 INFO [main] org.apache.catalina.startup.VersionLoggerListener.log Versión de Systema Operativo:      10.0
14-Oct-2024 17:23:02.867 INFO [main] org.apache.catalina.startup.VersionLoggerListener.log Arquitectura:                      amd64
14-Oct-2024 17:23:02.867 INFO [main] org.apache.catalina.startup.VersionLoggerListener.log Java Home:                         C:\Users\PC RACING\.jdks\openjdk-23
14-Oct-2024 17:23:02.867 INFO [main] org.apache.catalina.startup.VersionLoggerListener.log JVM Version:                       23+37-2369
14-Oct-2024 17:23:02.867 INFO [main] org.apache.catalina.startup.VersionLoggerListener.log Vededor JVM:                       Oracle Corporation
14-Oct-2024 17:23:02.868 INFO [main] org.apache.catalina.startup.VersionLoggerListener.log CATALINA_BASE:                     C:\2DAM\PROGRAMACION\MVP_PASO_A_PASO\RakutenTVAndroid
14-Oct-2024 17:23:02.868 INFO [main] org.apache.catalina.startup.VersionLoggerListener.log CATALINA_HOME:                     C:\Users\PC RACING\Downloads\apache-tomcat-9.0.96
14-Oct-2024 17:23:02.873 INFO [main] org.apache.catalina.startup.VersionLoggerListener.log Command line argument:             --add-opens=java.base/java.lang=ALL-UNNAMED
14-Oct-2024 17:23:02.874 INFO [main] org.apache.catalina.startup.VersionLoggerListener.log Command line argument:             --add-opens=java.base/java.io=ALL-UNNAMED
14-Oct-2024 17:23:02.874 INFO [main] org.apache.catalina.startup.VersionLoggerListener.log Command line argument:             --add-opens=java.base/java.util=ALL-UNNAMED
14-Oct-2024 17:23:02.874 INFO [main] org.apache.catalina.startup.VersionLoggerListener.log Command line argument:             --add-opens=java.base/java.util.concurrent=ALL-UNNAMED
14-Oct-2024 17:23:02.874 INFO [main] org.apache.catalina.startup.VersionLoggerListener.log Command line argument:             --add-opens=java.rmi/sun.rmi.transport=ALL-UNNAMED
14-Oct-2024 17:23:02.874 INFO [main] org.apache.catalina.startup.VersionLoggerListener.log Command line argument:             -Dcatalina.home=C:\Users\PC RACING\Downloads\apache-tomcat-9.0.96
14-Oct-2024 17:23:02.874 INFO [main] org.apache.catalina.startup.VersionLoggerListener.log Command line argument:             -Dcatalina.base=C:\2DAM\PROGRAMACION\MVP_PASO_A_PASO\RakutenTVAndroid
14-Oct-2024 17:23:02.874 INFO [main] org.apache.catalina.startup.VersionLoggerListener.log Command line argument:             -Djava.io.tmpdir=C:\2DAM\PROGRAMACION\MVP_PASO_A_PASO\RakutenTVAndroid\temp
14-Oct-2024 17:23:02.874 INFO [main] org.apache.catalina.startup.VersionLoggerListener.log Command line argument:             -Djava.util.logging.config.file=C:\2DAM\PROGRAMACION\MVP_PASO_A_PASO\RakutenTVAndroid\conf\logging.properties
14-Oct-2024 17:23:02.874 INFO [main] org.apache.catalina.startup.VersionLoggerListener.log Command line argument:             -Djava.util.logging.manager=org.apache.juli.ClassLoaderLogManager
14-Oct-2024 17:23:02.874 INFO [main] org.apache.catalina.startup.VersionLoggerListener.log Command line argument:             -javaagent:C:\Program Files\JetBrains\IntelliJ IDEA 2024.2.3\lib\idea_rt.jar=51116:C:\Program Files\JetBrains\IntelliJ IDEA 2024.2.3\bin
14-Oct-2024 17:23:02.874 INFO [main] org.apache.catalina.startup.VersionLoggerListener.log Command line argument:             -Dfile.encoding=UTF-8
14-Oct-2024 17:23:02.874 INFO [main] org.apache.catalina.startup.VersionLoggerListener.log Command line argument:             -Dsun.stdout.encoding=UTF-8
14-Oct-2024 17:23:02.874 INFO [main] org.apache.catalina.startup.VersionLoggerListener.log Command line argument:             -Dsun.stderr.encoding=UTF-8
14-Oct-2024 17:23:02.878 INFO [main] org.apache.catalina.core.AprLifecycleListener.lifecycleEvent Cargada la biblioteca nativa APR de Apache Tomcat [1.3.1] con la versión APR [1.7.4].
14-Oct-2024 17:23:02.879 INFO [main] org.apache.catalina.core.AprLifecycleListener.lifecycleEvent Capacidades APR: IPv6 [true], enviar fichero [true], aceptar filtros [false], aleatorio [true], UDS [true].
14-Oct-2024 17:23:02.879 INFO [main] org.apache.catalina.core.AprLifecycleListener.lifecycleEvent APR/OpenSSL configuration: useAprConnector [false], useOpenSSL [true]
14-Oct-2024 17:23:02.884 INFO [main] org.apache.catalina.core.AprLifecycleListener.initializeSSL OpenSSL inicializado correctamente [OpenSSL 3.0.14 4 Jun 2024]
14-Oct-2024 17:23:03.093 INFO [main] org.apache.coyote.AbstractProtocol.init Inicializando el manejador de protocolo ["http-nio-8080"]

14-Oct-2024 17:23:03.110 INFO [main] org.apache.catalina.startup.Catalina.load Server initialization in [411] milliseconds
14-Oct-2024 17:23:03.142 INFO [main] org.apache.catalina.core.StandardService.startInternal Arrancando servicio [Catalina]
14-Oct-2024 17:23:03.143 INFO [main] org.apache.catalina.core.StandardEngine.startInternal Starting Servlet engine: [Apache Tomcat/9.0.96]
14-Oct-2024 17:23:03.153 INFO [main] org.apache.coyote.AbstractProtocol.start Starting ProtocolHandler ["http-nio-8080"]
14-Oct-2024 17:23:03.206 INFO [main] org.apache.catalina.startup.Catalina.start Server startup in [94] milliseconds
14-Oct-2024 17:59:39.646 INFO [Thread-1] org.apache.coyote.AbstractProtocol.pause Pausing ProtocolHandler ["http-nio-8080"]
14-Oct-2024 17:59:39.661 INFO [Thread-1] org.apache.catalina.core.StandardService.stopInternal Parando servicio [Catalina]
14-Oct-2024 17:59:39.663 INFO [Thread-1] org.apache.coyote.AbstractProtocol.stop Stopping ProtocolHandler ["http-nio-8080"]
14-Oct-2024 17:59:39.664 INFO [Thread-1] org.apache.coyote.AbstractProtocol.destroy Destroying ProtocolHandler ["http-nio-8080"]
14-Oct-2024 18:29:11.366 INFO [main] org.apache.catalina.startup.VersionLoggerListener.log Nombre de la versión del servidor: Apache Tomcat/9.0.96
14-Oct-2024 18:29:11.368 INFO [main] org.apache.catalina.startup.VersionLoggerListener.log Server built:                      Oct 3 2024 19:44:30 UTC
14-Oct-2024 18:29:11.368 INFO [main] org.apache.catalina.startup.VersionLoggerListener.log Número de versión de servidor:     9.0.96.0
14-Oct-2024 18:29:11.368 INFO [main] org.apache.catalina.startup.VersionLoggerListener.log OS Name:                           Windows 11
14-Oct-2024 18:29:11.368 INFO [main] org.apache.catalina.startup.VersionLoggerListener.log Versión de Systema Operativo:      10.0
14-Oct-2024 18:29:11.368 INFO [main] org.apache.catalina.startup.VersionLoggerListener.log Arquitectura:                      amd64
14-Oct-2024 18:29:11.368 INFO [main] org.apache.catalina.startup.VersionLoggerListener.log Java Home:                         C:\Users\PC RACING\.jdks\openjdk-23
14-Oct-2024 18:29:11.368 INFO [main] org.apache.catalina.startup.VersionLoggerListener.log JVM Version:                       23+37-2369
14-Oct-2024 18:29:11.368 INFO [main] org.apache.catalina.startup.VersionLoggerListener.log Vededor JVM:                       Oracle Corporation
14-Oct-2024 18:29:11.368 INFO [main] org.apache.catalina.startup.VersionLoggerListener.log CATALINA_BASE:                     C:\2DAM\PROGRAMACION\MVP_PASO_A_PASO\RakutenTVAndroid
14-Oct-2024 18:29:11.368 INFO [main] org.apache.catalina.startup.VersionLoggerListener.log CATALINA_HOME:                     C:\Users\PC RACING\Downloads\apache-tomcat-9.0.96
14-Oct-2024 18:29:11.373 INFO [main] org.apache.catalina.startup.VersionLoggerListener.log Command line argument:             --add-opens=java.base/java.lang=ALL-UNNAMED
14-Oct-2024 18:29:11.373 INFO [main] org.apache.catalina.startup.VersionLoggerListener.log Command line argument:             --add-opens=java.base/java.io=ALL-UNNAMED
14-Oct-2024 18:29:11.373 INFO [main] org.apache.catalina.startup.VersionLoggerListener.log Command line argument:             --add-opens=java.base/java.util=ALL-UNNAMED
14-Oct-2024 18:29:11.374 INFO [main] org.apache.catalina.startup.VersionLoggerListener.log Command line argument:             --add-opens=java.base/java.util.concurrent=ALL-UNNAMED
14-Oct-2024 18:29:11.374 INFO [main] org.apache.catalina.startup.VersionLoggerListener.log Command line argument:             --add-opens=java.rmi/sun.rmi.transport=ALL-UNNAMED
14-Oct-2024 18:29:11.374 INFO [main] org.apache.catalina.startup.VersionLoggerListener.log Command line argument:             -Dcatalina.home=C:\Users\PC RACING\Downloads\apache-tomcat-9.0.96
14-Oct-2024 18:29:11.374 INFO [main] org.apache.catalina.startup.VersionLoggerListener.log Command line argument:             -Dcatalina.base=C:\2DAM\PROGRAMACION\MVP_PASO_A_PASO\RakutenTVAndroid
14-Oct-2024 18:29:11.374 INFO [main] org.apache.catalina.startup.VersionLoggerListener.log Command line argument:             -Djava.io.tmpdir=C:\2DAM\PROGRAMACION\MVP_PASO_A_PASO\RakutenTVAndroid\temp
14-Oct-2024 18:29:11.374 INFO [main] org.apache.catalina.startup.VersionLoggerListener.log Command line argument:             -Djava.util.logging.config.file=C:\2DAM\PROGRAMACION\MVP_PASO_A_PASO\RakutenTVAndroid\conf\logging.properties
14-Oct-2024 18:29:11.374 INFO [main] org.apache.catalina.startup.VersionLoggerListener.log Command line argument:             -Djava.util.logging.manager=org.apache.juli.ClassLoaderLogManager
14-Oct-2024 18:29:11.374 INFO [main] org.apache.catalina.startup.VersionLoggerListener.log Command line argument:             -javaagent:C:\Program Files\JetBrains\IntelliJ IDEA 2024.2.3\lib\idea_rt.jar=51731:C:\Program Files\JetBrains\IntelliJ IDEA 2024.2.3\bin
14-Oct-2024 18:29:11.374 INFO [main] org.apache.catalina.startup.VersionLoggerListener.log Command line argument:             -Dfile.encoding=UTF-8
14-Oct-2024 18:29:11.374 INFO [main] org.apache.catalina.startup.VersionLoggerListener.log Command line argument:             -Dsun.stdout.encoding=UTF-8
14-Oct-2024 18:29:11.374 INFO [main] org.apache.catalina.startup.VersionLoggerListener.log Command line argument:             -Dsun.stderr.encoding=UTF-8
14-Oct-2024 18:29:11.377 INFO [main] org.apache.catalina.core.AprLifecycleListener.lifecycleEvent Cargada la biblioteca nativa APR de Apache Tomcat [1.3.1] con la versión APR [1.7.4].
14-Oct-2024 18:29:11.377 INFO [main] org.apache.catalina.core.AprLifecycleListener.lifecycleEvent Capacidades APR: IPv6 [true], enviar fichero [true], aceptar filtros [false], aleatorio [true], UDS [true].
14-Oct-2024 18:29:11.377 INFO [main] org.apache.catalina.core.AprLifecycleListener.lifecycleEvent APR/OpenSSL configuration: useAprConnector [false], useOpenSSL [true]
14-Oct-2024 18:29:11.381 INFO [main] org.apache.catalina.core.AprLifecycleListener.initializeSSL OpenSSL inicializado correctamente [OpenSSL 3.0.14 4 Jun 2024]
14-Oct-2024 18:29:11.577 INFO [main] org.apache.coyote.AbstractProtocol.init Inicializando el manejador de protocolo ["http-nio-8080"]

14-Oct-2024 18:29:11.592 INFO [main] org.apache.catalina.startup.Catalina.load Server initialization in [361] milliseconds
14-Oct-2024 18:29:11.623 INFO [main] org.apache.catalina.core.StandardService.startInternal Arrancando servicio [Catalina]
14-Oct-2024 18:29:11.623 INFO [main] org.apache.catalina.core.StandardEngine.startInternal Starting Servlet engine: [Apache Tomcat/9.0.96]
14-Oct-2024 18:29:11.631 INFO [main] org.apache.catalina.startup.HostConfig.deployDescriptor Desplieque del descriptor de configuración [C:\2DAM\PROGRAMACION\MVP_PASO_A_PASO\RakutenTVAndroid\conf\Catalina\localhost\RakutenTVAndroid.xml]
14-Oct-2024 18:29:11.911 SEVERE [main] org.apache.catalina.startup.HostConfig.deployDescriptor Error durante el despliegue del descriptor de configuración [C:\2DAM\PROGRAMACION\MVP_PASO_A_PASO\RakutenTVAndroid\conf\Catalina\localhost\RakutenTVAndroid.xml]
	java.lang.IllegalStateException: Error starting child
		at org.apache.catalina.core.ContainerBase.addChildInternal(ContainerBase.java:602)
		at org.apache.catalina.core.ContainerBase.addChild(ContainerBase.java:571)
		at org.apache.catalina.core.StandardHost.addChild(StandardHost.java:603)
		at org.apache.catalina.startup.HostConfig.deployDescriptor(HostConfig.java:680)
		at org.apache.catalina.startup.HostConfig$DeployDescriptor.run(HostConfig.java:1844)
		at java.base/java.util.concurrent.Executors$RunnableAdapter.call(Executors.java:572)
		at java.base/java.util.concurrent.FutureTask.run(FutureTask.java:317)
		at org.apache.tomcat.util.threads.InlineExecutorService.execute(InlineExecutorService.java:75)
		at java.base/java.util.concurrent.AbstractExecutorService.submit(AbstractExecutorService.java:124)
		at org.apache.catalina.startup.HostConfig.deployDescriptors(HostConfig.java:575)
		at org.apache.catalina.startup.HostConfig.deployApps(HostConfig.java:466)
		at org.apache.catalina.startup.HostConfig.start(HostConfig.java:1584)
		at org.apache.catalina.startup.HostConfig.lifecycleEvent(HostConfig.java:312)
		at org.apache.catalina.util.LifecycleBase.fireLifecycleEvent(LifecycleBase.java:109)
		at org.apache.catalina.util.LifecycleBase.setStateInternal(LifecycleBase.java:385)
		at org.apache.catalina.util.LifecycleBase.setState(LifecycleBase.java:332)
		at org.apache.catalina.core.ContainerBase.startInternal(ContainerBase.java:776)
		at org.apache.catalina.core.StandardHost.startInternal(StandardHost.java:721)
		at org.apache.catalina.util.LifecycleBase.start(LifecycleBase.java:164)
		at org.apache.catalina.core.ContainerBase$StartChild.call(ContainerBase.java:1203)
		at org.apache.catalina.core.ContainerBase$StartChild.call(ContainerBase.java:1193)
		at java.base/java.util.concurrent.FutureTask.run(FutureTask.java:317)
		at org.apache.tomcat.util.threads.InlineExecutorService.execute(InlineExecutorService.java:75)
		at java.base/java.util.concurrent.AbstractExecutorService.submit(AbstractExecutorService.java:148)
		at org.apache.catalina.core.ContainerBase.startInternal(ContainerBase.java:749)
		at org.apache.catalina.core.StandardEngine.startInternal(StandardEngine.java:211)
		at org.apache.catalina.util.LifecycleBase.start(LifecycleBase.java:164)
		at org.apache.catalina.core.StandardService.startInternal(StandardService.java:415)
		at org.apache.catalina.util.LifecycleBase.start(LifecycleBase.java:164)
		at org.apache.catalina.core.StandardServer.startInternal(StandardServer.java:874)
		at org.apache.catalina.util.LifecycleBase.start(LifecycleBase.java:164)
		at org.apache.catalina.startup.Catalina.start(Catalina.java:735)
		at java.base/jdk.internal.reflect.DirectMethodHandleAccessor.invoke(DirectMethodHandleAccessor.java:103)
		at java.base/java.lang.reflect.Method.invoke(Method.java:580)
		at org.apache.catalina.startup.Bootstrap.start(Bootstrap.java:345)
		at org.apache.catalina.startup.Bootstrap.main(Bootstrap.java:473)
	Caused by: org.apache.catalina.LifecycleException: Failed to start component [NonLoginAuthenticator[StandardEngine[Catalina].StandardHost[localhost].StandardContext[/RakutenTVAndroid]]]
		at org.apache.catalina.util.LifecycleBase.handleSubClassException(LifecycleBase.java:402)
		at org.apache.catalina.util.LifecycleBase.start(LifecycleBase.java:179)
		at org.apache.catalina.core.StandardPipeline.startInternal(StandardPipeline.java:157)
		at org.apache.catalina.util.LifecycleBase.start(LifecycleBase.java:164)
		at org.apache.catalina.core.StandardContext.startInternal(StandardContext.java:4364)
		at org.apache.catalina.util.LifecycleBase.start(LifecycleBase.java:164)
		at org.apache.catalina.core.ContainerBase.addChildInternal(ContainerBase.java:599)
		... 35 more
	Caused by: java.lang.NoSuchMethodError: 'java.lang.String javax.servlet.ServletContext.getVirtualServerName()'
		at org.apache.catalina.authenticator.AuthenticatorBase.startInternal(AuthenticatorBase.java:1200)
		at org.apache.catalina.util.LifecycleBase.start(LifecycleBase.java:164)
		... 40 more
14-Oct-2024 18:29:11.915 INFO [main] org.apache.catalina.startup.HostConfig.deployDescriptor Deployment of deployment descriptor [C:\2DAM\PROGRAMACION\MVP_PASO_A_PASO\RakutenTVAndroid\conf\Catalina\localhost\RakutenTVAndroid.xml] has finished in [283] ms
14-Oct-2024 18:29:11.919 INFO [main] org.apache.coyote.AbstractProtocol.start Starting ProtocolHandler ["http-nio-8080"]
14-Oct-2024 18:29:11.935 INFO [main] org.apache.catalina.startup.Catalina.start Server startup in [341] milliseconds
14-Oct-2024 18:30:05.534 INFO [Thread-1] org.apache.coyote.AbstractProtocol.pause Pausing ProtocolHandler ["http-nio-8080"]
14-Oct-2024 18:30:05.536 INFO [Thread-1] org.apache.catalina.core.StandardService.stopInternal Parando servicio [Catalina]
14-Oct-2024 18:30:05.537 INFO [Thread-1] org.apache.coyote.AbstractProtocol.stop Stopping ProtocolHandler ["http-nio-8080"]
14-Oct-2024 18:30:05.541 INFO [Thread-1] org.apache.coyote.AbstractProtocol.destroy Destroying ProtocolHandler ["http-nio-8080"]
